<?xml version="1.0" encoding="UTF-8"?>
<!-- Generated by org.testng.reporters.JUnitXMLReporter -->
<testsuite ignored="0" hostname="DESKTOP-MAE4USJ" failures="1" tests="1" name="Test" time="5.951" errors="0" timestamp="2024-04-28T22:29:34 IST">
  <testcase classname="resources.BaseClass" name="@BeforeMethod launchBrowserAndUrl" time="5.889">
    <failure type="java.lang.NullPointerException" message="Cannot invoke &amp;quot;java.util.Properties.getProperty(String)&amp;quot; because &amp;quot;this.prop&amp;quot; is null">
      <![CDATA[java.lang.NullPointerException: Cannot invoke "java.util.Properties.getProperty(String)" because "this.prop" is null
at resources.BaseClass.launchBrowserAndUrl(BaseClass.java:48)
at java.base/java.util.ArrayList.forEach(ArrayList.java:1596)
... Removed 29 stack frames]]>
    </failure>
  </testcase> <!-- @BeforeMethod launchBrowserAndUrl -->
  <testcase classname="testcases.VerifyRegistrationTestcase" name="verifyRegisterationWithInValidData" time="5.924">
    <failure type="java.lang.NullPointerException" message="Cannot invoke &amp;quot;com.aventstack.extentreports.ExtentReports.createTest(String)&amp;quot; because &amp;quot;resources.Listeners.extent&amp;quot; is null">
      <![CDATA[java.lang.NullPointerException: Cannot invoke "com.aventstack.extentreports.ExtentReports.createTest(String)" because "resources.Listeners.extent" is null
at resources.Listeners.onTestStart(Listeners.java:16)
at java.base/java.util.ArrayList.forEach(ArrayList.java:1596)
... Removed 25 stack frames]]>
    </failure>
  </testcase> <!-- verifyRegisterationWithInValidData -->
</testsuite> <!-- Test -->
